<?xml version="1.0" encoding="UTF-8"?>
<testng-results skipped="0" failed="0" total="0" passed="0">
  <reporter-output>
  </reporter-output>
  <suite name="Default suite" duration-ms="10" started-at="2015-03-15T04:54:54Z" finished-at="2015-03-15T04:54:54Z">
    <groups>
    </groups>
    <test name="Default test" duration-ms="10" started-at="2015-03-15T04:54:54Z" finished-at="2015-03-15T04:54:54Z">
      <class name="testcase.TestFramework">
        <test-method status="PASS" signature="setUp()[pri:0, instance:testcase.TestFramework@4563e9ab]" name="setUp" is-config="true" duration-ms="19779" started-at="2015-03-15T10:24:34Z" finished-at="2015-03-15T10:24:54Z">
          <reporter-output>
          </reporter-output>
        </test-method> <!-- setUp -->
        <test-method status="PASS" signature="tearDown()[pri:0, instance:testcase.TestFramework@4563e9ab]" name="tearDown" is-config="true" duration-ms="991" started-at="2015-03-15T10:24:54Z" finished-at="2015-03-15T10:24:55Z">
          <reporter-output>
          </reporter-output>
        </test-method> <!-- tearDown -->
      </class> <!-- testcase.TestFramework -->
    </test> <!-- Default test -->
  </suite> <!-- Default suite -->
</testng-results>
